2015-12-03 21:30:43,670 INFO: Generating 100 random bytes with OS service 'urandom'
2015-12-03 21:30:43,670 INFO: Target files: alice.bob.random.store and bob.alice.random.store
2015-12-03 21:30:43,671 INFO: Random number generation complete!
2015-12-03 21:30:43,671 INFO:  - amount random data: 100 bytes (0.09765625 KiB)
2015-12-03 21:30:43,671 INFO:  - time elapsed: 0.000602960586548 seconds
2015-12-03 21:30:43,672 INFO:  - throughput: 161.961249506 KiB/s
2015-12-03 21:30:43,672 INFO: 100 random bytes have been written to alice.bob.random.store and bob.alice.random.store
2015-12-03 21:30:43,672 INFO: metadata for alice.bob.random.store and bob.alice.random.store have been written to alice.bob.random.metadata and bob.alice.random.metadata, respectively
2015-12-03 21:31:26,700 INFO: Generating 100 random bytes with OS service 'urandom'
2015-12-03 21:31:26,700 INFO: Target files: alice.bob.random.store and bob.alice.random.store
2015-12-03 21:31:26,701 INFO: Random number generation complete!
2015-12-03 21:31:26,701 INFO:  - amount random data: 100 bytes (0.09765625 KiB)
2015-12-03 21:31:26,702 INFO:  - time elapsed: 0.000505924224854 seconds
2015-12-03 21:31:26,702 INFO:  - throughput: 193.025447691 KiB/s
2015-12-03 21:31:26,702 INFO: 100 random bytes have been written to alice.bob.random.store and bob.alice.random.store
2015-12-03 21:31:26,702 INFO: metadata for alice.bob.random.store and bob.alice.random.store have been written to alice.bob.random.metadata and bob.alice.random.metadata, respectively
2015-12-03 21:32:00,435 [INFO]:: Generating 100 random bytes with OS service 'urandom'
2015-12-03 21:32:00,436 [INFO]:: Target files: alice.bob.random.store and bob.alice.random.store
2015-12-03 21:32:00,437 [INFO]:: Random number generation complete!
2015-12-03 21:32:00,437 [INFO]::  - amount random data: 100 bytes (0.09765625 KiB)
2015-12-03 21:32:00,437 [INFO]::  - time elapsed: 0.000543117523193 seconds
2015-12-03 21:32:00,437 [INFO]::  - throughput: 179.806848112 KiB/s
2015-12-03 21:32:00,438 [INFO]:: 100 random bytes have been written to alice.bob.random.store and bob.alice.random.store
2015-12-03 21:32:00,438 [INFO]:: metadata for alice.bob.random.store and bob.alice.random.store have been written to alice.bob.random.metadata and bob.alice.random.metadata, respectively
2015-12-03 21:32:17,981 [INFO]: Generating 100 random bytes with OS service 'urandom'
2015-12-03 21:32:17,981 [INFO]: Target files: alice.bob.random.store and bob.alice.random.store
2015-12-03 21:32:17,982 [INFO]: Random number generation complete!
2015-12-03 21:32:17,982 [INFO]:  - amount random data: 100 bytes (0.09765625 KiB)
2015-12-03 21:32:17,982 [INFO]:  - time elapsed: 0.000511884689331 seconds
2015-12-03 21:32:17,982 [INFO]:  - throughput: 190.77782953 KiB/s
2015-12-03 21:32:17,982 [INFO]: 100 random bytes have been written to alice.bob.random.store and bob.alice.random.store
2015-12-03 21:32:17,983 [INFO]: metadata for alice.bob.random.store and bob.alice.random.store have been written to alice.bob.random.metadata and bob.alice.random.metadata, respectively
2015-12-03 21:32:59,886 [INFO] Generating 100 random bytes with OS service 'urandom'
2015-12-03 21:32:59,886 [INFO] Target files: alice.bob.random.store and bob.alice.random.store
2015-12-03 21:32:59,887 [INFO] Random number generation complete!
2015-12-03 21:32:59,887 [INFO]  - amount random data: 100 bytes (0.09765625 KiB)
2015-12-03 21:32:59,887 [INFO]  - time elapsed: 0.000504016876221 seconds
2015-12-03 21:32:59,887 [INFO]  - throughput: 193.755912961 KiB/s
2015-12-03 21:32:59,887 [INFO] 100 random bytes have been written to alice.bob.random.store and bob.alice.random.store
2015-12-03 21:32:59,888 [INFO] metadata for alice.bob.random.store and bob.alice.random.store have been written to alice.bob.random.metadata and bob.alice.random.metadata, respectively
2015-12-03 21:33:09,366 [INFO] Generating 100 random bytes with OS service 'urandom'
2015-12-03 21:33:09,366 [INFO] Target files: alice.bob.random.store and bob.alice.random.store
2015-12-03 21:33:09,367 [INFO] Random number generation complete!
2015-12-03 21:33:09,367 [INFO]  - amount random data: 100 bytes (0.09765625 KiB)
2015-12-03 21:33:09,367 [INFO]  - time elapsed: 0.000519037246704 seconds
2015-12-03 21:33:09,367 [INFO]  - throughput: 188.148828663 KiB/s
2015-12-03 21:33:09,367 [INFO] 100 random bytes have been written to alice.bob.random.store and bob.alice.random.store
2015-12-03 21:33:09,368 [INFO] metadata for alice.bob.random.store and bob.alice.random.store have been written to alice.bob.random.metadata and bob.alice.random.metadata, respectively
2015-12-03 21:34:07,976 [INFO] Generating 100 random bytes with OS service 'urandom'
2015-12-03 21:34:07,976 [INFO] Target files: alice.bob.random.store and bob.alice.random.store
2015-12-03 21:34:07,977 [INFO] Random number generation complete!
2015-12-03 21:34:07,977 [INFO]  - amount random data: 100 bytes (0.09765625 KiB)
2015-12-03 21:34:07,977 [INFO]  - time elapsed: 0.000509023666382 seconds
2015-12-03 21:34:07,977 [INFO]  - throughput: 191.850117096 KiB/s
2015-12-03 21:34:07,977 [INFO] 100 random bytes have been written to alice.bob.random.store and bob.alice.random.store
2015-12-03 21:34:07,978 [INFO] metadata for alice.bob.random.store and bob.alice.random.store have been written to alice.bob.random.metadata and bob.alice.random.metadata, respectively
